  aaa.cpp
  test.cpp
  正在生成代码...
test.obj : error LNK2005: main 已经在 aaa.obj 中定义
D:\mylib__liyanfeng\test\x64\Debug\test.exe : fatal error LNK1169: 找到一个或多个多重定义的符号
